<?xml version="1.0" encoding="UTF-8"?>
<!-- Generated by org.testng.reporters.JUnitReportReporter -->
<testsuite hostname="DESKTOP-GTBGP27" failures="0" tests="3" name="org.practice.Practice1Test" time="0.010" errors="0" timestamp="19 Jul 2022 14:55:56 GMT">
  <testcase classname="org.practice.Practice1Test" name="practice1Test" time="0.006"/>
  <testcase classname="org.practice.Practice1Test" name="practice2Test" time="0.002"/>
  <testcase classname="org.practice.Practice1Test" name="practice3Test" time="0.002"/>
</testsuite> <!-- org.practice.Practice1Test -->
