<?xml version="1.0" encoding="UTF-8"?>
<!-- Generated by org.testng.reporters.JUnitReportReporter -->
<testsuite hostname="DESKTOP-GTBGP27" failures="0" tests="2" name="org.practice.Practice2Test" time="0.004" errors="0" timestamp="19 Jul 2022 14:55:56 GMT">
  <testcase classname="org.practice.Practice2Test" name="displayTest" time="0.003"/>
  <testcase classname="org.practice.Practice2Test" name="m2Test" time="0.001"/>
</testsuite> <!-- org.practice.Practice2Test -->
